### checking_changelog_format
|Status|Files|Comments|
|:-:|:-:|:-|
|${\color{red}Error}$|(../V-and-V/02_Repositories/Platform/02-Operating_system/04-Library_CV_SRC/opendds/debian/changelog
../V-and-V/02_Repositories/Platform/02-Operating_system/14-Library_DS_SRC/opendds/SPECS/opendds.spec
../V-and-V/02_Repositories/Platform/02-Operating_system/15-GStreamer_Package/debian/changelog
../V-and-V/02_Repositories/Platform/03-Platform_Manager/01-Health_Monitor/debian/changelog
../V-and-V/02_Repositories/Platform/03-Platform_Manager/01-Health_Monitor/rpmbuild/SPECS/dragonfly-health-monitor.spec
../V-and-V/02_Repositories/Platform/03-Platform_Manager/01-ScenarioInterpreter/debian/changelog
../V-and-V/02_Repositories/Platform/03-Platform_Manager/02_Application_Launcher/debian/changelog
../V-and-V/02_Repositories/Platform/03-Platform_Manager/02_Application_Launcher/rpmbuild/SPECS/dragonfly-application-launcher.spec
../V-and-V/02_Repositories/Platform/03-Platform_Manager/04-DragonflyLogger/debian/changelog
../V-and-V/02_Repositories/Platform/03-Platform_Manager/04-DragonflyLogger/rpmbuild/SPECS/dragonfly-logger.spec
../V-and-V/02_Repositories/Platform/03-Platform_Manager/06-ModeComputation/debian/changelog
../V-and-V/02_Repositories/Platform/03-Platform_Manager/06-ModeComputation/rpmbuild/SPECS/dragonfly-mode-computation.spec
../V-and-V/02_Repositories/Platform/03-Platform_Manager/07-DragonflyPTftp/rpmbuild/SPECS/dragonfly-ptftp.spec
../V-and-V/02_Repositories/Platform/03-Platform_Manager/08-DragonflySequencer/rpmbuild/SPECS/dragonfly-sequencer.spec
../V-and-V/02_Repositories/Platform/03-Platform_Manager/09-RecorderServices/debian/changelog
../V-and-V/02_Repositories/Platform/03-Platform_Manager/09-RecorderServices/rpmbuild/SPECS/dragonfly-recorder-services.spec
../V-and-V/02_Repositories/Platform/03-Platform_Manager/10-StreamerServices/debian/changelog
../V-and-V/02_Repositories/Platform/03-Platform_Manager/11-PlatformConfig/debian/changelog
../V-and-V/02_Repositories/Platform/03-Platform_Manager/11-PlatformConfig/rpmbuild/SPECS/dragonfly-oc-01.spec
../V-and-V/02_Repositories/Platform/03-Platform_Manager/11-PlatformConfig/rpmbuild/SPECS/dragonfly-pc-01.spec
../V-and-V/02_Repositories/Platform/03-Platform_Manager/11-PlatformConfig/rpmbuild/SPECS/dragonfly-pc-02.spec
../V-and-V/02_Repositories/Platform/03-Platform_Manager/11-PlatformConfig/rpmbuild/SPECS/dragonfly-platform-config.spec
../V-and-V/02_Repositories/Platform/03-Platform_Manager/12-PtpFti/debian/changelog
../V-and-V/02_Repositories/Platform/03-Platform_Manager/12-PtpFti/rpmbuild/SPECS/dragonfly-ptp-fti.spec
../V-and-V/02_Repositories/Platform/03-Platform_Manager/13-PtpInternal/debian/changelog
../V-and-V/02_Repositories/Platform/03-Platform_Manager/13-PtpInternal/rpmbuild/SPECS/dragonfly-ptp-internal.spec
../V-and-V/02_Repositories/Platform/03-Platform_Manager/14-SwirHarvester/debian/changelog
../V-and-V/02_Repositories/Platform/03-Platform_Manager/15-DCPSInfo-service/debian/changelog
../V-and-V/02_Repositories/Platform/03-Platform_Manager/15-DCPSInfo-service/rpmbuild/SPECS/dragonfly-dcpsinfo.spec
../V-and-V/02_Repositories/Platform/03-Platform_Manager/16-MapTilerService/rpmbuild/SPECS/dragonfly-maptiler.spec
../V-and-V/02_Repositories/Platform/03-Platform_Manager/17-Dragonfly-sys-user/debian/changelog
../V-and-V/02_Repositories/Platform/03-Platform_Manager/17-Dragonfly-sys-user/rpmbuild/SPECS/dragonfly-sys-user.spec
../V-and-V/02_Repositories/Platform/05-Streamer/01-GigeVision_Streamer/debian/changelog
../V-and-V/02_Repositories/Platform/05-Streamer/01-GigeVision_Streamer/rpmbuild/dragonfly-gige-vision.spec
../V-and-V/02_Repositories/Platform/05-Streamer/02-SDI_Streamer/debian/changelog
../V-and-V/02_Repositories/Platform/05-Streamer/03-LWIR_Streamer/debian/changelog
../V-and-V/02_Repositories/Platform/05-Streamer/04-LIDAR_Streamer/LiDAR_opendds/debian/changelog
../V-and-V/02_Repositories/Platform/05-Streamer/04-LIDAR_Streamer/webUI/rpmbuild/SPECS/dragonfly-lidar-webUI.spec
../V-and-V/02_Repositories/Platform/05-Streamer/05-RADAR_LAT_Streamer/debian/changelog
../V-and-V/02_Repositories/Platform/05-Streamer/05-RADAR_LAT_Streamer/rpmbuild/SPECS/dragonfly-radar-streamer.spec
../V-and-V/02_Repositories/Platform/05-Streamer/10-ADSB_to_DDS/aerobitsAdsbGateway/rpmbuild/SPECS/dragonfly-adsb-aerobits.spec
../V-and-V/02_Repositories/Platform/05-Streamer/10-ADSB_to_DDS/uAvionixAdsbGateway/rpmbuild/SPECS/dragonfly-adsb-uavionix.spec
../V-and-V/02_Repositories/Platform/05-Streamer/11-MTi_IMU/debian/changelog
../V-and-V/02_Repositories/Platform/05-Streamer/12-CollinsRadarController/debian/changelog
../V-and-V/02_Repositories/Platform/05-Streamer/12-IHM-Screen-Capture/rpmbuild/SPECS/dragonfly-hmi-screen-capture.spec
../V-and-V/02_Repositories/Platform/05-Streamer/11-MTi_IMU_PackageGeneration/debian/changelog
../V-and-V/02_Repositories/Platform/05-Streamer/13-CollinsSwPackage/debian/changelog
../V-and-V/02_Repositories/Platform/05-Streamer/01.1_GigeVision_Streamer/debian/changelog
../V-and-V/02_Repositories/Platform/05-Streamer/12-IenaDds/01-IenaDdsServer/rpmbuild/SPECS/dragonfly-iena-dds-server.spec
../V-and-V/02_Repositories/Platform/05-Streamer/12-IenaDds/04-CUB_package/rpmbuild/SPECS/iena-services.spec
../V-and-V/02_Repositories/Platform/05-Streamer/12-IenaDds/08-DdsToDdsServer/rpmbuild/SPECS/dragonfly-iena-dds2dds.spec
../V-and-V/02_Repositories/Platform/06-IHM/01-WebSocket/rpmbuild/SPECS/dragonfly-ddswebsocket.spec
../V-and-V/02_Repositories/Platform/06-IHM/02-Main_IHM/dragonfly-cubhmi.spec
../V-and-V/02_Repositories/Platform/06-IHM/08-ProtoToAFCDI/rpmbuild/SPECS/dragonfly-protobuf-afcdi-converter.spec
../V-and-V/02_Repositories/Platform/06-IHM/09-CameraStreamer/debian/changelog
../V-and-V/02_Repositories/Platform/07-Avionic_Gateway/01-Gateway/debian/changelog
../V-and-V/02_Repositories/Platform/07-Avionic_Gateway/01-Gateway/rpmbuild/SPECS/dragonfly-gateway-AC.spec
../V-and-V/02_Repositories/Platform/07-Avionic_Gateway/01-Gateway/rpmbuild/SPECS/dragonfly-gateway-TH.spec
../V-and-V/02_Repositories/Platform/07-Avionic_Gateway/04_TMP_MANAGER/debian/changelog
../V-and-V/02_Repositories/Platform/07-Avionic_Gateway/05-ed247_adapter/rpmbuild/SPECS/dragonfly-ed247-adapter-services.spec
../V-and-V/02_Repositories/Platform/07-Avionic_Gateway/07-Driver_A429/spec/dragonfly-a429-driver.spec
../V-and-V/02_Repositories/Platform/09-Tools/03-Docker/tests/cpp/debian/changelog
../V-and-V/02_Repositories/Platform/09-Tools/03-Docker/tests/cpp/rpmbuild/MessengerDDS.spec
../V-and-V/02_Repositories/Platform/09-Tools/03-Docker/tests/python/debian/changelog
../V-and-V/02_Repositories/Platform/09-Tools/04-TinyDDS/debian/changelog
../V-and-V/02_Repositories/Platform/09-Tools/04-TinyDDS/rpmbuild/SPECS/tinydds.spec
../V-and-V/02_Repositories/Platform/09-Tools/07-DragonflyApplication/debian/changelog
../V-and-V/02_Repositories/Platform/09-Tools/07-DragonflyApplication/rpmbuild/SPECS/dfapplication.spec
../V-and-V/02_Repositories/Platform/09-Tools/08-PTFTP_FileUploader/rpmbuild/SPECS/dragonfly-ptftp-FileUploader.spec
../V-and-V/02_Repositories/Platform/09-Tools/08-pyTinyDDS/debian/changelog
../V-and-V/02_Repositories/Platform/09-Tools/08-pyTinyDDS/rpmbuild/SPECS/python3-tinydds.spec
../V-and-V/02_Repositories/Platform/09-Tools/09-pyDragonflyApplication/debian/changelog
../V-and-V/02_Repositories/Platform/09-Tools/09-pyDragonflyApplication/rpmbuild/SPECS/python3-dragonfly.spec
../V-and-V/02_Repositories/Platform/09-Tools/11-hdf5hlvid/debian/changelog
../V-and-V/02_Repositories/Platform/09-Tools/12-AppCommandSender/debian/changelog
../V-and-V/02_Repositories/Platform/09-Tools/12-AppCommandSender/rpmbuild/SPECS/dragonfly-appcommandsender.spec
../V-and-V/02_Repositories/Platform/09-Tools/13-GenericDDStoDDS/debian/changelog
../V-and-V/02_Repositories/Platform/09-Tools/13-GenericDDStoDDS/rpmbuild/SPECS/dragonfly-genericDDStoDDS.spec
../V-and-V/02_Repositories/Platform/09-Tools/14-LwirCalibViewer/debian/changelog
../V-and-V/02_Repositories/Platform/09-Tools/16-DragonflyVisionApplication/python_tools/debian/changelog
../V-and-V/02_Repositories/Platform/09-Tools/16-DragonflyVisionApplication/debian/changelog
../V-and-V/02_Repositories/Platform/09-Tools/16-DragonflyVisionApplication/rpmbuild/SPECS/dfvisionapplication.spec
../V-and-V/02_Repositories/Platform/09-Tools/17-HdmiToDds/debian/changelog
../V-and-V/02_Repositories/Platform/09-Tools/18-LiveviewStreamer/debian/changelog
../V-and-V/02_Repositories/Platform/09-Tools/19-LiveviewGateway/rpmbuild/SPECS/dragonfly-liveviewgateway.spec
../V-and-V/02_Repositories/Platform/09-Tools/19-pyOpenDDSPackage/pyopendds/debian/changelog
../V-and-V/02_Repositories/Platform/09-Tools/19-pyOpenDDSPackage/pyopendds/rpmbuild/SPECS/python3-opendds.spec
../V-and-V/02_Repositories/Platform/09-Tools/21-GenericRecorder/debian/changelog
../V-and-V/02_Repositories/Platform/09-Tools/21-GeoComputation/debian/changelog
../V-and-V/02_Repositories/Platform/09-Tools/22-DdsCommsAnalyzer/debian/changelog
../V-and-V/02_Repositories/Platform/09-Tools/22-DdsCommsAnalyzer/rpmbuild/SPECS/dragonfly-comms-analyzer.spec
../V-and-V/02_Repositories/Platform/09-Tools/24-GenericH5Recorder/debian/changelog
../V-and-V/02_Repositories/Platform/09-Tools/24-GenericH5Recorder/rpmbuild/SPECS/dragonfly-generic-h5-recorder-replayer.spec
../V-and-V/02_Repositories/Platform/09-Tools/24-HMIGateway/debian/changelog
../V-and-V/02_Repositories/Platform/09-Tools/23-JoystickApp/JoystickLinuxApp/debian/changelog
../V-and-V/02_Repositories/Platform/09-Tools/27-GenericImage_Viewer/debian/changelog
../V-and-V/02_Repositories/Platform/09-Tools/28-PythonAppCommandSender/debian/changelog
../V-and-V/02_Repositories/Platform/09-Tools/28-PythonAppCommandSender/rpmbuild/SPECS/python3-appcomandsender.spec
../V-and-V/02_Repositories/Platform/09-Tools/29-CheckScript/rpmbuild/SPECS/dragonfly-check-script.spec
../V-and-V/02_Repositories/Platform/09-Tools/30-ImportGenericType/debian/changelog
../V-and-V/02_Repositories/Platform/09-Tools/30-ImportGenericType/rpmbuild/SPECS/python3-importgenerictype.spec
../V-and-V/02_Repositories/Platform/09-Tools/30-PhaseAppInterface/debian/changelog
../V-and-V/02_Repositories/Platform/09-Tools/32-AfdxRecorder/rpmbuild/SPECS/dragonfly-afdx-recorder.spec
../V-and-V/02_Repositories/Platform/10-Apps-IDL/01-DDS-IDL/debian/changelog
../V-and-V/02_Repositories/Platform/10-Apps-IDL/01-DDS-IDL/rpmbuild/SPECS/dragonfly-platform-idl.spec
../V-and-V/02_Repositories/Platform/00-PlatformSequencerConfig/rpmbuild/SPECS/dragonfly-platform-sequencer-config.spec)||
|${\color{red}Error}$|(../V-and-V/02_Repositories/Platform/02-Operating_system/04-Library_CV_SRC/opendds/debian/changelog
../V-and-V/02_Repositories/Platform/02-Operating_system/14-Library_DS_SRC/opendds/SPECS/opendds.spec
../V-and-V/02_Repositories/Platform/02-Operating_system/15-GStreamer_Package/debian/changelog
../V-and-V/02_Repositories/Platform/03-Platform_Manager/01-Health_Monitor/debian/changelog
../V-and-V/02_Repositories/Platform/03-Platform_Manager/01-Health_Monitor/rpmbuild/SPECS/dragonfly-health-monitor.spec
../V-and-V/02_Repositories/Platform/03-Platform_Manager/01-ScenarioInterpreter/debian/changelog
../V-and-V/02_Repositories/Platform/03-Platform_Manager/02_Application_Launcher/debian/changelog
../V-and-V/02_Repositories/Platform/03-Platform_Manager/02_Application_Launcher/rpmbuild/SPECS/dragonfly-application-launcher.spec
../V-and-V/02_Repositories/Platform/03-Platform_Manager/04-DragonflyLogger/debian/changelog
../V-and-V/02_Repositories/Platform/03-Platform_Manager/04-DragonflyLogger/rpmbuild/SPECS/dragonfly-logger.spec
../V-and-V/02_Repositories/Platform/03-Platform_Manager/06-ModeComputation/debian/changelog
../V-and-V/02_Repositories/Platform/03-Platform_Manager/06-ModeComputation/rpmbuild/SPECS/dragonfly-mode-computation.spec
../V-and-V/02_Repositories/Platform/03-Platform_Manager/07-DragonflyPTftp/rpmbuild/SPECS/dragonfly-ptftp.spec
../V-and-V/02_Repositories/Platform/03-Platform_Manager/08-DragonflySequencer/rpmbuild/SPECS/dragonfly-sequencer.spec
../V-and-V/02_Repositories/Platform/03-Platform_Manager/09-RecorderServices/debian/changelog
../V-and-V/02_Repositories/Platform/03-Platform_Manager/09-RecorderServices/rpmbuild/SPECS/dragonfly-recorder-services.spec
../V-and-V/02_Repositories/Platform/03-Platform_Manager/10-StreamerServices/debian/changelog
../V-and-V/02_Repositories/Platform/03-Platform_Manager/11-PlatformConfig/debian/changelog
../V-and-V/02_Repositories/Platform/03-Platform_Manager/11-PlatformConfig/rpmbuild/SPECS/dragonfly-oc-01.spec
../V-and-V/02_Repositories/Platform/03-Platform_Manager/11-PlatformConfig/rpmbuild/SPECS/dragonfly-pc-01.spec
../V-and-V/02_Repositories/Platform/03-Platform_Manager/11-PlatformConfig/rpmbuild/SPECS/dragonfly-pc-02.spec
../V-and-V/02_Repositories/Platform/03-Platform_Manager/11-PlatformConfig/rpmbuild/SPECS/dragonfly-platform-config.spec
../V-and-V/02_Repositories/Platform/03-Platform_Manager/12-PtpFti/debian/changelog
../V-and-V/02_Repositories/Platform/03-Platform_Manager/12-PtpFti/rpmbuild/SPECS/dragonfly-ptp-fti.spec
../V-and-V/02_Repositories/Platform/03-Platform_Manager/13-PtpInternal/debian/changelog
../V-and-V/02_Repositories/Platform/03-Platform_Manager/13-PtpInternal/rpmbuild/SPECS/dragonfly-ptp-internal.spec
../V-and-V/02_Repositories/Platform/03-Platform_Manager/14-SwirHarvester/debian/changelog
../V-and-V/02_Repositories/Platform/03-Platform_Manager/15-DCPSInfo-service/debian/changelog
../V-and-V/02_Repositories/Platform/03-Platform_Manager/15-DCPSInfo-service/rpmbuild/SPECS/dragonfly-dcpsinfo.spec
../V-and-V/02_Repositories/Platform/03-Platform_Manager/16-MapTilerService/rpmbuild/SPECS/dragonfly-maptiler.spec
../V-and-V/02_Repositories/Platform/03-Platform_Manager/17-Dragonfly-sys-user/debian/changelog
../V-and-V/02_Repositories/Platform/03-Platform_Manager/17-Dragonfly-sys-user/rpmbuild/SPECS/dragonfly-sys-user.spec
../V-and-V/02_Repositories/Platform/05-Streamer/01-GigeVision_Streamer/debian/changelog
../V-and-V/02_Repositories/Platform/05-Streamer/01-GigeVision_Streamer/rpmbuild/dragonfly-gige-vision.spec
../V-and-V/02_Repositories/Platform/05-Streamer/02-SDI_Streamer/debian/changelog
../V-and-V/02_Repositories/Platform/05-Streamer/03-LWIR_Streamer/debian/changelog
../V-and-V/02_Repositories/Platform/05-Streamer/04-LIDAR_Streamer/LiDAR_opendds/debian/changelog
../V-and-V/02_Repositories/Platform/05-Streamer/04-LIDAR_Streamer/webUI/rpmbuild/SPECS/dragonfly-lidar-webUI.spec
../V-and-V/02_Repositories/Platform/05-Streamer/05-RADAR_LAT_Streamer/debian/changelog
../V-and-V/02_Repositories/Platform/05-Streamer/05-RADAR_LAT_Streamer/rpmbuild/SPECS/dragonfly-radar-streamer.spec
../V-and-V/02_Repositories/Platform/05-Streamer/10-ADSB_to_DDS/aerobitsAdsbGateway/rpmbuild/SPECS/dragonfly-adsb-aerobits.spec
../V-and-V/02_Repositories/Platform/05-Streamer/10-ADSB_to_DDS/uAvionixAdsbGateway/rpmbuild/SPECS/dragonfly-adsb-uavionix.spec
../V-and-V/02_Repositories/Platform/05-Streamer/11-MTi_IMU/debian/changelog
../V-and-V/02_Repositories/Platform/05-Streamer/12-CollinsRadarController/debian/changelog
../V-and-V/02_Repositories/Platform/05-Streamer/12-IHM-Screen-Capture/rpmbuild/SPECS/dragonfly-hmi-screen-capture.spec
../V-and-V/02_Repositories/Platform/05-Streamer/11-MTi_IMU_PackageGeneration/debian/changelog
../V-and-V/02_Repositories/Platform/05-Streamer/13-CollinsSwPackage/debian/changelog
../V-and-V/02_Repositories/Platform/05-Streamer/01.1_GigeVision_Streamer/debian/changelog
../V-and-V/02_Repositories/Platform/05-Streamer/12-IenaDds/01-IenaDdsServer/rpmbuild/SPECS/dragonfly-iena-dds-server.spec
../V-and-V/02_Repositories/Platform/05-Streamer/12-IenaDds/04-CUB_package/rpmbuild/SPECS/iena-services.spec
../V-and-V/02_Repositories/Platform/05-Streamer/12-IenaDds/08-DdsToDdsServer/rpmbuild/SPECS/dragonfly-iena-dds2dds.spec
../V-and-V/02_Repositories/Platform/06-IHM/01-WebSocket/rpmbuild/SPECS/dragonfly-ddswebsocket.spec
../V-and-V/02_Repositories/Platform/06-IHM/02-Main_IHM/dragonfly-cubhmi.spec
../V-and-V/02_Repositories/Platform/06-IHM/08-ProtoToAFCDI/rpmbuild/SPECS/dragonfly-protobuf-afcdi-converter.spec
../V-and-V/02_Repositories/Platform/06-IHM/09-CameraStreamer/debian/changelog
../V-and-V/02_Repositories/Platform/07-Avionic_Gateway/01-Gateway/debian/changelog
../V-and-V/02_Repositories/Platform/07-Avionic_Gateway/01-Gateway/rpmbuild/SPECS/dragonfly-gateway-AC.spec
../V-and-V/02_Repositories/Platform/07-Avionic_Gateway/01-Gateway/rpmbuild/SPECS/dragonfly-gateway-TH.spec
../V-and-V/02_Repositories/Platform/07-Avionic_Gateway/04_TMP_MANAGER/debian/changelog
../V-and-V/02_Repositories/Platform/07-Avionic_Gateway/05-ed247_adapter/rpmbuild/SPECS/dragonfly-ed247-adapter-services.spec
../V-and-V/02_Repositories/Platform/07-Avionic_Gateway/07-Driver_A429/spec/dragonfly-a429-driver.spec
../V-and-V/02_Repositories/Platform/09-Tools/03-Docker/tests/cpp/debian/changelog
../V-and-V/02_Repositories/Platform/09-Tools/03-Docker/tests/cpp/rpmbuild/MessengerDDS.spec
../V-and-V/02_Repositories/Platform/09-Tools/03-Docker/tests/python/debian/changelog
../V-and-V/02_Repositories/Platform/09-Tools/04-TinyDDS/debian/changelog
../V-and-V/02_Repositories/Platform/09-Tools/04-TinyDDS/rpmbuild/SPECS/tinydds.spec
../V-and-V/02_Repositories/Platform/09-Tools/07-DragonflyApplication/debian/changelog
../V-and-V/02_Repositories/Platform/09-Tools/07-DragonflyApplication/rpmbuild/SPECS/dfapplication.spec
../V-and-V/02_Repositories/Platform/09-Tools/08-PTFTP_FileUploader/rpmbuild/SPECS/dragonfly-ptftp-FileUploader.spec
../V-and-V/02_Repositories/Platform/09-Tools/08-pyTinyDDS/debian/changelog
../V-and-V/02_Repositories/Platform/09-Tools/08-pyTinyDDS/rpmbuild/SPECS/python3-tinydds.spec
../V-and-V/02_Repositories/Platform/09-Tools/09-pyDragonflyApplication/debian/changelog
../V-and-V/02_Repositories/Platform/09-Tools/09-pyDragonflyApplication/rpmbuild/SPECS/python3-dragonfly.spec
../V-and-V/02_Repositories/Platform/09-Tools/11-hdf5hlvid/debian/changelog
../V-and-V/02_Repositories/Platform/09-Tools/12-AppCommandSender/debian/changelog
../V-and-V/02_Repositories/Platform/09-Tools/12-AppCommandSender/rpmbuild/SPECS/dragonfly-appcommandsender.spec
../V-and-V/02_Repositories/Platform/09-Tools/13-GenericDDStoDDS/debian/changelog
../V-and-V/02_Repositories/Platform/09-Tools/13-GenericDDStoDDS/rpmbuild/SPECS/dragonfly-genericDDStoDDS.spec
../V-and-V/02_Repositories/Platform/09-Tools/14-LwirCalibViewer/debian/changelog
../V-and-V/02_Repositories/Platform/09-Tools/16-DragonflyVisionApplication/python_tools/debian/changelog
../V-and-V/02_Repositories/Platform/09-Tools/16-DragonflyVisionApplication/debian/changelog
../V-and-V/02_Repositories/Platform/09-Tools/16-DragonflyVisionApplication/rpmbuild/SPECS/dfvisionapplication.spec
../V-and-V/02_Repositories/Platform/09-Tools/17-HdmiToDds/debian/changelog
../V-and-V/02_Repositories/Platform/09-Tools/18-LiveviewStreamer/debian/changelog
../V-and-V/02_Repositories/Platform/09-Tools/19-LiveviewGateway/rpmbuild/SPECS/dragonfly-liveviewgateway.spec
../V-and-V/02_Repositories/Platform/09-Tools/19-pyOpenDDSPackage/pyopendds/debian/changelog
../V-and-V/02_Repositories/Platform/09-Tools/19-pyOpenDDSPackage/pyopendds/rpmbuild/SPECS/python3-opendds.spec
../V-and-V/02_Repositories/Platform/09-Tools/21-GenericRecorder/debian/changelog
../V-and-V/02_Repositories/Platform/09-Tools/21-GeoComputation/debian/changelog
../V-and-V/02_Repositories/Platform/09-Tools/22-DdsCommsAnalyzer/debian/changelog
../V-and-V/02_Repositories/Platform/09-Tools/22-DdsCommsAnalyzer/rpmbuild/SPECS/dragonfly-comms-analyzer.spec
../V-and-V/02_Repositories/Platform/09-Tools/24-GenericH5Recorder/debian/changelog
../V-and-V/02_Repositories/Platform/09-Tools/24-GenericH5Recorder/rpmbuild/SPECS/dragonfly-generic-h5-recorder-replayer.spec
../V-and-V/02_Repositories/Platform/09-Tools/24-HMIGateway/debian/changelog
../V-and-V/02_Repositories/Platform/09-Tools/23-JoystickApp/JoystickLinuxApp/debian/changelog
../V-and-V/02_Repositories/Platform/09-Tools/27-GenericImage_Viewer/debian/changelog
../V-and-V/02_Repositories/Platform/09-Tools/28-PythonAppCommandSender/debian/changelog
../V-and-V/02_Repositories/Platform/09-Tools/28-PythonAppCommandSender/rpmbuild/SPECS/python3-appcomandsender.spec
../V-and-V/02_Repositories/Platform/09-Tools/29-CheckScript/rpmbuild/SPECS/dragonfly-check-script.spec
../V-and-V/02_Repositories/Platform/09-Tools/30-ImportGenericType/debian/changelog
../V-and-V/02_Repositories/Platform/09-Tools/30-ImportGenericType/rpmbuild/SPECS/python3-importgenerictype.spec
../V-and-V/02_Repositories/Platform/09-Tools/30-PhaseAppInterface/debian/changelog
../V-and-V/02_Repositories/Platform/09-Tools/32-AfdxRecorder/rpmbuild/SPECS/dragonfly-afdx-recorder.spec
../V-and-V/02_Repositories/Platform/10-Apps-IDL/01-DDS-IDL/debian/changelog
../V-and-V/02_Repositories/Platform/10-Apps-IDL/01-DDS-IDL/rpmbuild/SPECS/dragonfly-platform-idl.spec
../V-and-V/02_Repositories/Platform/00-PlatformSequencerConfig/rpmbuild/SPECS/dragonfly-platform-sequencer-config.spec)| Unable to open (../V-and-V/02_Repositories/Platform/02-Operating_system/04-Library_CV_SRC/opendds/debian/changelog: No such file or directory	<br /> |
